#
# A fatal error has been detected by the Java Runtime Environment:
#
#  Internal Error (methodDataOop.cpp:704), pid=8848, tid=8920
#  Error: ShouldNotReachHere()
#
# JRE version: Java(TM) SE Runtime Environment (7.0_79-b15) (build 1.7.0_79-b15)
# Java VM: Java HotSpot(TM) 64-Bit Server VM (24.79-b02 mixed mode windows-amd64 compressed oops)
# Failed to write core dump. Minidumps are not enabled by default on client versions of Windows
#
# If you would like to submit a bug report, please visit:
#   http://bugreport.java.com/bugreport/crash.jsp
#

---------------  T H R E A D  ---------------

Current thread (0x0000000002bc8000):  GCTaskThread [stack: 0x00000000062e0000,0x00000000063e0000] [id=8920]

Stack: [0x00000000062e0000,0x00000000063e0000]
[error occurred during error reporting (printing stack bounds), id 0xc0000005]


[error occurred during error reporting (printing native stack), id 0xc0000005]


---------------  P R O C E S S  ---------------

Java Threads: ( => current thread )
  0x000000000d4f0800 JavaThread "Stdin handler" [_thread_blocked, id=5840, stack(0x000000000de10000,0x000000000df10000)]
  0x000000000d4ed800 JavaThread "Daemon worker Thread 23" [_thread_blocked, id=192, stack(0x000000000dd10000,0x000000000de10000)]
  0x000000000d4e9000 JavaThread "Cancel handler" [_thread_blocked, id=4804, stack(0x00000000010d0000,0x00000000011d0000)]
  0x000000000d4ea800 JavaThread "Handler for socket connection from /127.0.0.1:49543 to /127.0.0.1:60128" [_thread_in_native, id=6100, stack(0x0000000000fd0000,0x00000000010d0000)]
  0x000000000d4e8000 JavaThread "Daemon Thread 23" [_thread_blocked, id=7316, stack(0x0000000000ed0000,0x0000000000fd0000)]
  0x000000000c136800 JavaThread "File lock request listener" [_thread_in_native, id=9104, stack(0x000000000e250000,0x000000000e350000)]
  0x000000000c13b000 JavaThread "Incoming local TCP Connector on port 49543" [_thread_in_native, id=8932, stack(0x000000000db30000,0x000000000dc30000)]
  0x0000000002cab800 JavaThread "Service Thread" daemon [_thread_blocked, id=8972, stack(0x000000000be20000,0x000000000bf20000)]
  0x0000000002ca8000 JavaThread "C2 CompilerThread1" daemon [_thread_blocked, id=8976, stack(0x000000000bd20000,0x000000000be20000)]
  0x0000000002ca6000 JavaThread "C2 CompilerThread0" daemon [_thread_blocked, id=8964, stack(0x000000000bc20000,0x000000000bd20000)]
  0x0000000002ca5000 JavaThread "Attach Listener" daemon [_thread_blocked, id=8836, stack(0x000000000bb20000,0x000000000bc20000)]
  0x0000000002ca0800 JavaThread "Signal Dispatcher" daemon [_thread_blocked, id=8868, stack(0x000000000ba20000,0x000000000bb20000)]
  0x0000000009651000 JavaThread "Finalizer" daemon [_thread_blocked, id=8856, stack(0x000000000b520000,0x000000000b620000)]
  0x000000000964a000 JavaThread "Reference Handler" daemon [_thread_blocked, id=8860, stack(0x000000000b420000,0x000000000b520000)]
  0x0000000002bb0800 JavaThread "main" [_thread_blocked, id=8768, stack(0x00000000029f0000,0x0000000002af0000)]

Other Threads:
  0x0000000009646000 VMThread [stack: 0x000000000b320000,0x000000000b420000] [id=8864]
  0x000000000b655800 WatcherThread [stack: 0x000000000bf20000,0x000000000c020000] [id=8960]

=>0x0000000002bc8000 (exited) GCTaskThread [stack: 0x00000000062e0000,0x00000000063e0000] [id=8920]

VM state:at safepoint (normal execution)

VM Mutex/Monitor currently owned by a thread:  ([mutex/lock_event])
[0x0000000002b6c6b0] Threads_lock - owner thread: 0x0000000009646000
[0x0000000002b6c8b0] Heap_lock - owner thread: 0x000000000d4ed800

Heap
 PSYoungGen      total 206336K, used 2464K [0x00000000eaa80000, 0x00000000f9f80000, 0x0000000100000000)
  eden space 164864K, 0% used [0x00000000eaa80000,0x00000000eaa80000,0x00000000f4b80000)
  from space 41472K, 5% used [0x00000000f7700000,0x00000000f7968020,0x00000000f9f80000)
  to   space 43008K, 0% used [0x00000000f4b80000,0x00000000f4b80000,0x00000000f7580000)
 ParOldGen       total 308224K, used 100962K [0x00000000c0000000, 0x00000000d2d00000, 0x00000000eaa80000)
  object space 308224K, 32% used [0x00000000c0000000,0x00000000c6298958,0x00000000d2d00000)
 PSPermGen       total 100352K, used 100311K [0x00000000b0000000, 0x00000000b6200000, 0x00000000c0000000)
  object space 100352K, 99% used [0x00000000b0000000,0x00000000b61f5dd8,0x00000000b6200000)

Card table byte_map: [0x0000000005d70000,0x0000000006000000] byte_map_base: 0x00000000057f0000

Polling page: 0x00000000012a0000

Code Cache  [0x0000000002cb0000, 0x00000000040d0000, 0x0000000005cb0000)
 total_blobs=6824 nmethods=6049 adapters=725 free_code_cache=28810Kb largest_free_block=29275072

Compilation events (10 events):
Event: 7389.635 Thread 0x0000000002ca8000 6891             org.jetbrains.kotlin.codegen.inline.ReifiedTypeInliner::isNeedClassReificationMarker (14 bytes)
Event: 7389.637 Thread 0x0000000002ca8000 nmethod 6891 0x00000000040b8410 code [0x00000000040b8560, 0x00000000040b87d8]
Event: 7389.655 Thread 0x0000000002ca6000 6892             org.jetbrains.kotlin.codegen.optimization.fixStack.FixStackAnalyzer$FixStackFrame::pop (8 bytes)
Event: 7389.656 Thread 0x0000000002ca6000 nmethod 6892 0x00000000040c0750 code [0x00000000040c08c0, 0x00000000040c0a38]
Event: 7389.668 Thread 0x0000000002ca8000 6893             org.jetbrains.kotlin.descriptors.impl.PropertyDescriptorImpl::getModality (39 bytes)
Event: 7389.668 Thread 0x0000000002ca8000 nmethod 6893 0x00000000040b81d0 code [0x00000000040b8300, 0x00000000040b8378]
Event: 7392.667 Thread 0x0000000002ca6000 6894             java.util.zip.ZipOutputStream::finish (82 bytes)
Event: 7392.670 Thread 0x0000000002ca6000 nmethod 6894 0x00000000040be090 code [0x00000000040be220, 0x00000000040be6b0]
Event: 12644.235 Thread 0x0000000002ca8000 6895             org.gradle.api.internal.CompositeDynamicObject::setObjects (11 bytes)
Event: 12644.240 Thread 0x0000000002ca8000 nmethod 6895 0x0000000004093390 code [0x00000000040934c0, 0x0000000004093538]

GC Heap History (10 events):
Event: 7392.733 GC heap after
Heap after GC invocations=309 (full 131):
 PSYoungGen      total 208384K, used 16821K [0x00000000eaa80000, 0x00000000fa480000, 0x0000000100000000)
  eden space 164864K, 0% used [0x00000000eaa80000,0x00000000eaa80000,0x00000000f4b80000)
  from space 43520K, 38% used [0x00000000f7a00000,0x00000000f8a6d420,0x00000000fa480000)
  to   space 45568K, 0% used [0x00000000f4b80000,0x00000000f4b80000,0x00000000f7800000)
 ParOldGen       total 308224K, used 97525K [0x00000000c0000000, 0x00000000d2d00000, 0x00000000eaa80000)
  object space 308224K, 31% used [0x00000000c0000000,0x00000000c5f3d440,0x00000000d2d00000)
 PSPermGen       total 100352K, used 100235K [0x00000000b0000000, 0x00000000b6200000, 0x00000000c0000000)
  object space 100352K, 99% used [0x00000000b0000000,0x00000000b61e2c80,0x00000000b6200000)
}
Event: 7392.733 GC heap before
{Heap before GC invocations=310 (full 132):
 PSYoungGen      total 208384K, used 16821K [0x00000000eaa80000, 0x00000000fa480000, 0x0000000100000000)
  eden space 164864K, 0% used [0x00000000eaa80000,0x00000000eaa80000,0x00000000f4b80000)
  from space 43520K, 38% used [0x00000000f7a00000,0x00000000f8a6d420,0x00000000fa480000)
  to   space 45568K, 0% used [0x00000000f4b80000,0x00000000f4b80000,0x00000000f7800000)
 ParOldGen       total 308224K, used 97525K [0x00000000c0000000, 0x00000000d2d00000, 0x00000000eaa80000)
  object space 308224K, 31% used [0x00000000c0000000,0x00000000c5f3d440,0x00000000d2d00000)
 PSPermGen       total 100352K, used 100235K [0x00000000b0000000, 0x00000000b6200000, 0x00000000c0000000)
  object space 100352K, 99% used [0x00000000b0000000,0x00000000b61e2c80,0x00000000b6200000)
Event: 7392.930 GC heap after
Heap after GC invocations=310 (full 132):
 PSYoungGen      total 208384K, used 0K [0x00000000eaa80000, 0x00000000fa480000, 0x0000000100000000)
  eden space 164864K, 0% used [0x00000000eaa80000,0x00000000eaa80000,0x00000000f4b80000)
  from space 43520K, 0% used [0x00000000f7a00000,0x00000000f7a00000,0x00000000fa480000)
  to   space 45568K, 0% used [0x00000000f4b80000,0x00000000f4b80000,0x00000000f7800000)
 ParOldGen       total 308224K, used 101017K [0x00000000c0000000, 0x00000000d2d00000, 0x00000000eaa80000)
  object space 308224K, 32% used [0x00000000c0000000,0x00000000c62a6680,0x00000000d2d00000)
 PSPermGen       total 100352K, used 100235K [0x00000000b0000000, 0x00000000b6200000, 0x00000000c0000000)
  object space 100352K, 99% used [0x00000000b0000000,0x00000000b61e2c80,0x00000000b6200000)
}
Event: 7392.931 GC heap before
{Heap before GC invocations=311 (full 132):
 PSYoungGen      total 208384K, used 2925K [0x00000000eaa80000, 0x00000000fa480000, 0x0000000100000000)
  eden space 164864K, 1% used [0x00000000eaa80000,0x00000000ead5b418,0x00000000f4b80000)
  from space 43520K, 0% used [0x00000000f7a00000,0x00000000f7a00000,0x00000000fa480000)
  to   space 45568K, 0% used [0x00000000f4b80000,0x00000000f4b80000,0x00000000f7800000)
 ParOldGen       total 308224K, used 101017K [0x00000000c0000000, 0x00000000d2d00000, 0x00000000eaa80000)
  object space 308224K, 32% used [0x00000000c0000000,0x00000000c62a6680,0x00000000d2d00000)
 PSPermGen       total 100352K, used 100235K [0x00000000b0000000, 0x00000000b6200000, 0x00000000c0000000)
  object space 100352K, 99% used [0x00000000b0000000,0x00000000b61e2c80,0x00000000b6200000)
Event: 7392.934 GC heap after
Heap after GC invocations=311 (full 132):
 PSYoungGen      total 165376K, used 0K [0x00000000eaa80000, 0x00000000fa280000, 0x0000000100000000)
  eden space 164864K, 0% used [0x00000000eaa80000,0x00000000eaa80000,0x00000000f4b80000)
  from space 512K, 0% used [0x00000000f4b80000,0x00000000f4b80000,0x00000000f4c00000)
  to   space 44544K, 0% used [0x00000000f7700000,0x00000000f7700000,0x00000000fa280000)
 ParOldGen       total 308224K, used 101017K [0x00000000c0000000, 0x00000000d2d00000, 0x00000000eaa80000)
  object space 308224K, 32% used [0x00000000c0000000,0x00000000c62a6680,0x00000000d2d00000)
 PSPermGen       total 100352K, used 100235K [0x00000000b0000000, 0x00000000b6200000, 0x00000000c0000000)
  object space 100352K, 99% used [0x00000000b0000000,0x00000000b61e2c80,0x00000000b6200000)
}
Event: 7392.934 GC heap before
{Heap before GC invocations=312 (full 133):
 PSYoungGen      total 165376K, used 0K [0x00000000eaa80000, 0x00000000fa280000, 0x0000000100000000)
  eden space 164864K, 0% used [0x00000000eaa80000,0x00000000eaa80000,0x00000000f4b80000)
  from space 512K, 0% used [0x00000000f4b80000,0x00000000f4b80000,0x00000000f4c00000)
  to   space 44544K, 0% used [0x00000000f7700000,0x00000000f7700000,0x00000000fa280000)
 ParOldGen       total 308224K, used 101017K [0x00000000c0000000, 0x00000000d2d00000, 0x00000000eaa80000)
  object space 308224K, 32% used [0x00000000c0000000,0x00000000c62a6680,0x00000000d2d00000)
 PSPermGen       total 100352K, used 100235K [0x00000000b0000000, 0x00000000b6200000, 0x00000000c0000000)
  object space 100352K, 99% used [0x00000000b0000000,0x00000000b61e2c80,0x00000000b6200000)
Event: 7393.183 GC heap after
Heap after GC invocations=312 (full 133):
 PSYoungGen      total 165376K, used 0K [0x00000000eaa80000, 0x00000000fa280000, 0x0000000100000000)
  eden space 164864K, 0% used [0x00000000eaa80000,0x00000000eaa80000,0x00000000f4b80000)
  from space 512K, 0% used [0x00000000f4b80000,0x00000000f4b80000,0x00000000f4c00000)
  to   space 44544K, 0% used [0x00000000f7700000,0x00000000f7700000,0x00000000fa280000)
 ParOldGen       total 308224K, used 100962K [0x00000000c0000000, 0x00000000d2d00000, 0x00000000eaa80000)
  object space 308224K, 32% used [0x00000000c0000000,0x00000000c6298958,0x00000000d2d00000)
 PSPermGen       total 100352K, used 100235K [0x00000000b0000000, 0x00000000b6200000, 0x00000000c0000000)
  object space 100352K, 99% used [0x00000000b0000000,0x00000000b61e2c80,0x00000000b6200000)
}
Event: 12644.257 GC heap before
{Heap before GC invocations=313 (full 133):
 PSYoungGen      total 165376K, used 71711K [0x00000000eaa80000, 0x00000000fa280000, 0x0000000100000000)
  eden space 164864K, 43% used [0x00000000eaa80000,0x00000000ef087ce8,0x00000000f4b80000)
  from space 512K, 0% used [0x00000000f4b80000,0x00000000f4b80000,0x00000000f4c00000)
  to   space 44544K, 0% used [0x00000000f7700000,0x00000000f7700000,0x00000000fa280000)
 ParOldGen       total 308224K, used 100962K [0x00000000c0000000, 0x00000000d2d00000, 0x00000000eaa80000)
  object space 308224K, 32% used [0x00000000c0000000,0x00000000c6298958,0x00000000d2d00000)
 PSPermGen       total 100352K, used 100311K [0x00000000b0000000, 0x00000000b6200000, 0x00000000c0000000)
  object space 100352K, 99% used [0x00000000b0000000,0x00000000b61f5dd8,0x00000000b6200000)
Event: 12644.292 GC heap after
Heap after GC invocations=313 (full 133):
 PSYoungGen      total 206336K, used 2464K [0x00000000eaa80000, 0x00000000f9f80000, 0x0000000100000000)
  eden space 164864K, 0% used [0x00000000eaa80000,0x00000000eaa80000,0x00000000f4b80000)
  from space 41472K, 5% used [0x00000000f7700000,0x00000000f7968020,0x00000000f9f80000)
  to   space 43008K, 0% used [0x00000000f4b80000,0x00000000f4b80000,0x00000000f7580000)
 ParOldGen       total 308224K, used 100962K [0x00000000c0000000, 0x00000000d2d00000, 0x00000000eaa80000)
  object space 308224K, 32% used [0x00000000c0000000,0x00000000c6298958,0x00000000d2d00000)
 PSPermGen       total 100352K, used 100311K [0x00000000b0000000, 0x00000000b6200000, 0x00000000c0000000)
  object space 100352K, 99% used [0x00000000b0000000,0x00000000b61f5dd8,0x00000000b6200000)
}
Event: 12644.292 GC heap before
{Heap before GC invocations=314 (full 134):
 PSYoungGen      total 206336K, used 2464K [0x00000000eaa80000, 0x00000000f9f80000, 0x0000000100000000)
  eden space 164864K, 0% used [0x00000000eaa80000,0x00000000eaa80000,0x00000000f4b80000)
  from space 41472K, 5% used [0x00000000f7700000,0x00000000f7968020,0x00000000f9f80000)
  to   space 43008K, 0% used [0x00000000f4b80000,0x00000000f4b80000,0x00000000f7580000)
 ParOldGen       total 308224K, used 100962K [0x00000000c0000000, 0x00000000d2d00000, 0x00000000eaa80000)
  object space 308224K, 32% used [0x00000000c0000000,0x00000000c6298958,0x00000000d2d00000)
 PSPermGen       total 100352K, used 100311K [0x00000000b0000000, 0x00000000b6200000, 0x00000000c0000000)
  object space 100352K, 99% used [0x00000000b0000000,0x00000000b61f5dd8,0x00000000b6200000)

Deoptimization events (10 events):
Event: 5651.388 Thread 0x000000000d4ea800 Uncommon trap: reason=class_check action=maybe_recompile pc=0x0000000003be037c method=org.jetbrains.org.objectweb.asm.signature.SignatureReader.parseType(Ljava/lang/String;ILorg/jetbrains/org/objectweb/asm/signature/SignatureVisitor;)I @ 162
Event: 5651.465 Thread 0x000000000d4ea800 Uncommon trap: reason=class_check action=maybe_recompile pc=0x0000000003be037c method=org.jetbrains.org.objectweb.asm.signature.SignatureReader.parseType(Ljava/lang/String;ILorg/jetbrains/org/objectweb/asm/signature/SignatureVisitor;)I @ 162
Event: 5652.952 Thread 0x000000000d4ea800 Uncommon trap: reason=class_check action=maybe_recompile pc=0x00000000030cc4a0 method=java.util.zip.InflaterInputStream.fill()V @ 19
Event: 5652.955 Thread 0x000000000d4ea800 Uncommon trap: reason=class_check action=maybe_recompile pc=0x00000000030cc4a0 method=java.util.zip.InflaterInputStream.fill()V @ 19
Event: 5652.955 Thread 0x000000000d4ea800 Uncommon trap: reason=class_check action=maybe_recompile pc=0x00000000030cc4a0 method=java.util.zip.InflaterInputStream.fill()V @ 19
Event: 5652.955 Thread 0x000000000d4ea800 Uncommon trap: reason=class_check action=maybe_recompile pc=0x00000000030cc4a0 method=java.util.zip.InflaterInputStream.fill()V @ 19
Event: 5654.236 Thread 0x000000000d4ea800 Uncommon trap: reason=null_check action=make_not_entrant pc=0x0000000003aa8b90 method=org.codehaus.groovy.reflection.CachedClass.<init>(Ljava/lang/Class;Lorg/codehaus/groovy/reflection/ClassInfo;)V @ 157
Event: 6471.487 Thread 0x000000000d4ed800 Uncommon trap: reason=null_check action=make_not_entrant pc=0x0000000003e4f128 method=org.gradle.execution.taskgraph.TaskDependencyGraph.addNode(Lorg/gradle/api/Task;)Lorg/gradle/execution/taskgraph/TaskInfo; @ 10
Event: 6472.575 Thread 0x000000000d4ed800 Uncommon trap: reason=null_check action=make_not_entrant pc=0x0000000003ff96a4 method=org.jetbrains.kotlin.psi.JetPropertyAccessor.isGetter()Z @ 4
Event: 6719.304 Thread 0x000000000d4ee800 Uncommon trap: reason=null_check action=make_not_entrant pc=0x000000000404d4b8 method=groovy.lang.MetaClassImpl.chooseMethod(Ljava/lang/String;Ljava/lang/Object;[Ljava/lang/Class;)Ljava/lang/Object; @ 11

Internal exceptions (10 events):
Event: 12643.960 Thread 0x000000000d4ed800 Threw 0x00000000ecaebde0 at C:\re\jdk7u79\2331\hotspot\src\share\vm\prims\jvm.cpp:1304
Event: 12643.960 Thread 0x000000000d4ed800 Threw 0x00000000ecaf4220 at C:\re\jdk7u79\2331\hotspot\src\share\vm\prims\jvm.cpp:1304
Event: 12643.961 Thread 0x000000000d4ed800 Threw 0x00000000ecafea58 at C:\re\jdk7u79\2331\hotspot\src\share\vm\prims\jvm.cpp:1304
Event: 12643.962 Thread 0x000000000d4ed800 Threw 0x00000000ecb031e8 at C:\re\jdk7u79\2331\hotspot\src\share\vm\prims\jvm.cpp:1304
Event: 12643.962 Thread 0x000000000d4ed800 Threw 0x00000000ecb041f8 at C:\re\jdk7u79\2331\hotspot\src\share\vm\prims\jvm.cpp:1304
Event: 12643.962 Thread 0x000000000d4ed800 Threw 0x00000000ecb0d130 at C:\re\jdk7u79\2331\hotspot\src\share\vm\prims\jvm.cpp:1304
Event: 12643.962 Thread 0x000000000d4ed800 Threw 0x00000000ecb0f740 at C:\re\jdk7u79\2331\hotspot\src\share\vm\prims\jvm.cpp:1304
Event: 12643.963 Thread 0x000000000d4ed800 Threw 0x00000000ecb14248 at C:\re\jdk7u79\2331\hotspot\src\share\vm\prims\jvm.cpp:1304
Event: 12643.963 Thread 0x000000000d4ed800 Threw 0x00000000ecb154d8 at C:\re\jdk7u79\2331\hotspot\src\share\vm\prims\jvm.cpp:1304
Event: 12643.963 Thread 0x000000000d4ed800 Threw 0x00000000ecb1ef00 at C:\re\jdk7u79\2331\hotspot\src\share\vm\prims\jvm.cpp:1304

Events (10 events):
Event: 12643.960 loading class 0x000000000ec91000 done
Event: 12643.961 loading class 0x000000000d02f600
Event: 12643.961 loading class 0x000000000d02f600 done
Event: 12643.962 loading class 0x000000000ec91500
Event: 12643.962 loading class 0x000000000ec91500 done
Event: 12643.962 loading class 0x000000000cffbdb0
Event: 12643.962 loading class 0x000000000cffbdb0 done
Event: 12643.963 loading class 0x000000000ef3b660
Event: 12643.963 loading class 0x000000000ef3b660 done
Event: 12644.248 Executing VM operation: ParallelGCSystemGC


Dynamic libraries:
0x00007ff7b6890000 - 0x00007ff7b68c3000 	C:\Program Files\Java\jdk1.7.0_79\bin\java.exe
0x00007ffd5c560000 - 0x00007ffd5c721000 	C:\Windows\SYSTEM32\ntdll.dll
0x00007ffd5a020000 - 0x00007ffd5a0cd000 	C:\Windows\system32\KERNEL32.DLL
0x00007ffd59a50000 - 0x00007ffd59c2d000 	C:\Windows\system32\KERNELBASE.dll
0x00007ffd5c420000 - 0x00007ffd5c4c6000 	C:\Windows\system32\ADVAPI32.dll
0x00007ffd5a260000 - 0x00007ffd5a2fd000 	C:\Windows\system32\msvcrt.dll
0x00007ffd5c4d0000 - 0x00007ffd5c52b000 	C:\Windows\system32\sechost.dll
0x00007ffd5bbc0000 - 0x00007ffd5bce6000 	C:\Windows\system32\RPCRT4.dll
0x00007ffd5c100000 - 0x00007ffd5c24e000 	C:\Windows\system32\USER32.dll
0x00007ffd5a0d0000 - 0x00007ffd5a256000 	C:\Windows\system32\GDI32.dll
0x00007ffd54940000 - 0x00007ffd54bb4000 	C:\Windows\WinSxS\amd64_microsoft.windows.common-controls_6595b64144ccf1df_6.0.10240.16384_none_f41f7b285750ef43\COMCTL32.dll
0x00007ffd59c30000 - 0x00007ffd59c66000 	C:\Windows\system32\IMM32.DLL
0x00007ffd5ba60000 - 0x00007ffd5bbbc000 	C:\Windows\system32\MSCTF.dll
0x0000000054fe0000 - 0x00000000550b2000 	C:\Program Files\Java\jdk1.7.0_79\jre\bin\msvcr100.dll
0x00000000555a0000 - 0x0000000055d75000 	C:\Program Files\Java\jdk1.7.0_79\jre\bin\server\jvm.dll
0x00007ffd5ba50000 - 0x00007ffd5ba58000 	C:\Windows\system32\PSAPI.DLL
0x00007ffd36560000 - 0x00007ffd36569000 	C:\Windows\SYSTEM32\WSOCK32.dll
0x00007ffd571c0000 - 0x00007ffd571e3000 	C:\Windows\SYSTEM32\WINMM.dll
0x00007ffd5bdd0000 - 0x00007ffd5be39000 	C:\Windows\system32\WS2_32.dll
0x00007ffd57160000 - 0x00007ffd5718c000 	C:\Windows\SYSTEM32\WINMMBASE.dll
0x00007ffd5c530000 - 0x00007ffd5c538000 	C:\Windows\system32\NSI.dll
0x00007ffd590e0000 - 0x00007ffd59124000 	C:\Windows\system32\cfgmgr32.dll
0x00007ffd57900000 - 0x00007ffd57927000 	C:\Windows\SYSTEM32\DEVOBJ.dll
0x00000000554b0000 - 0x00000000554bf000 	C:\Program Files\Java\jdk1.7.0_79\jre\bin\verify.dll
0x0000000055480000 - 0x00000000554a8000 	C:\Program Files\Java\jdk1.7.0_79\jre\bin\java.dll
0x0000000055460000 - 0x0000000055475000 	C:\Program Files\Java\jdk1.7.0_79\jre\bin\zip.dll
0x0000000055440000 - 0x000000005545a000 	C:\Program Files\Java\jdk1.7.0_79\jre\bin\net.dll
0x00007ffd587c0000 - 0x00007ffd5881d000 	C:\Windows\system32\mswsock.dll
0x0000000055420000 - 0x0000000055431000 	C:\Program Files\Java\jdk1.7.0_79\jre\bin\nio.dll
0x00007ffd328c0000 - 0x00007ffd328d2000 	C:\Users\josep\.gradle\native\19\windows-amd64\native-platform.dll
0x00007ffd59ce0000 - 0x00007ffd59d31000 	C:\Windows\system32\SHLWAPI.dll
0x00007ffd59da0000 - 0x00007ffd5a01c000 	C:\Windows\system32\combase.dll
0x00007ffd566b0000 - 0x00007ffd566e8000 	C:\Windows\SYSTEM32\IPHLPAPI.DLL
0x00007ffd563f0000 - 0x00007ffd563fb000 	C:\Windows\SYSTEM32\WINNSI.DLL
0x00007ffd539d0000 - 0x00007ffd539e6000 	C:\Windows\SYSTEM32\dhcpcsvc6.DLL
0x00007ffd52fd0000 - 0x00007ffd52fea000 	C:\Windows\SYSTEM32\dhcpcsvc.DLL
0x00007ffd58880000 - 0x00007ffd58897000 	C:\Windows\SYSTEM32\CRYPTSP.dll
0x00007ffd58ad0000 - 0x00007ffd58af8000 	C:\Windows\SYSTEM32\bcrypt.dll
0x00007ffd58460000 - 0x00007ffd58493000 	C:\Windows\system32\rsaenh.dll
0x00007ffd58860000 - 0x00007ffd5887f000 	C:\Windows\SYSTEM32\USERENV.dll
0x00007ffd58ff0000 - 0x00007ffd59003000 	C:\Windows\system32\profapi.dll
0x00007ffd58de0000 - 0x00007ffd58e4b000 	C:\Windows\system32\bcryptprimitives.dll
0x00007ffd58aa0000 - 0x00007ffd58aab000 	C:\Windows\SYSTEM32\CRYPTBASE.dll
0x00000000551d0000 - 0x00000000551db000 	C:\Program Files\Java\jdk1.7.0_79\jre\bin\management.dll
0x0000000055100000 - 0x0000000055124000 	C:\Program Files\Java\jdk1.7.0_79\jre\bin\sunec.dll
0x00000000550f0000 - 0x00000000550fb000 	C:\Program Files\Java\jdk1.7.0_79\jre\bin\sunmscapi.dll
0x00007ffd59250000 - 0x00007ffd59411000 	C:\Windows\system32\CRYPT32.dll
0x00007ffd59010000 - 0x00007ffd59021000 	C:\Windows\system32\MSASN1.dll
0x00007ffd58590000 - 0x00007ffd58638000 	C:\Windows\SYSTEM32\DNSAPI.dll
0x00007ffd4d4d0000 - 0x00007ffd4d4da000 	C:\Windows\System32\rasadhlp.dll
0x00007ffd52ff0000 - 0x00007ffd53058000 	C:\Windows\System32\fwpuclnt.dll
0x00007ffd420a0000 - 0x00007ffd420b5000 	C:\Windows\system32\napinsp.dll
0x00007ffd41360000 - 0x00007ffd4137a000 	C:\Windows\system32\pnrpnsp.dll
0x00007ffd56220000 - 0x00007ffd56238000 	C:\Windows\system32\NLAapi.dll
0x00007ffd42090000 - 0x00007ffd4209d000 	C:\Windows\System32\winrnr.dll
0x00007ffd41340000 - 0x00007ffd41355000 	C:\Windows\system32\wshbth.dll

VM Arguments:
jvm_args: -XX:MaxPermSize=256m -XX:+HeapDumpOnOutOfMemoryError -Xmx1024m -Dfile.encoding=windows-1252 -Duser.country=US -Duser.language=en -Duser.variant 
java_command: org.gradle.launcher.daemon.bootstrap.GradleDaemon 2.4 C:\Users\josep\.gradle C:\Users\josep\.gradle\daemon 10800000 8607c718-b8aa-42db-a611-5ee4e00842af -XX:MaxPermSize=256m -XX:+HeapDumpOnOutOfMemoryError -Xmx1024m -Dfile.encoding=windows-1252 -Duser.country=US -Duser.language=en -Duser.variant
Launcher Type: SUN_STANDARD

Environment Variables:
JAVA_HOME=C:\Program Files\Java\jdk1.7.0_79
PATH=C:\Windows\system32;C:\Windows;C:\Windows\System32\Wbem;C:\Windows\System32\WindowsPowerShell\v1.0\;C:\Program Files (x86)\Windows Kits\10\Windows Performance Toolkit\;C:\adb;C:\Program Files (x86)\NVIDIA Corporation\PhysX\Common;C:\Program Files (x86)\Skype\Phone\
USERNAME=josep
OS=Windows_NT
PROCESSOR_IDENTIFIER=Intel64 Family 6 Model 60 Stepping 3, GenuineIntel



---------------  S Y S T E M  ---------------

OS: Windows 8.1 , 64 bit Build 9600 

CPU:total 8 (4 cores per cpu, 2 threads per core) family 6 model 60 stepping 3, cmov, cx8, fxsr, mmx, sse, sse2, sse3, ssse3, sse4.1, sse4.2, popcnt, avx, avx2, aes, erms, ht, tsc, tscinvbit

Memory: 4k page, physical 8323180k(2349604k free), swap 9633900k(2022088k free)

vm_info: Java HotSpot(TM) 64-Bit Server VM (24.79-b02) for windows-amd64 JRE (1.7.0_79-b15), built on Apr 10 2015 12:36:16 by "java_re" with unknown MS VC++:1600

time: Sun Oct 04 19:40:59 2015
elapsed time: 12644 seconds

